{"timestamp": "2025-04-03 19:39:20", "error": "Dados hist\u00f3ricos insuficientes para minera\u00e7\u00e3o"}
{"timestamp": "2025-04-03 19:39:34", "error": "Erro durante a minera\u00e7\u00e3o: name 'itertools' is not defined"}
{"timestamp": "2025-04-03 20:36:05", "error": "Erro ao criar ordem: APIError(code=-2019): Margin is insufficient."}
{"timestamp": "2025-04-03 20:36:08", "error": "Erro ao criar ordem: APIError(code=-2019): Margin is insufficient."}
{"timestamp": "2025-04-03 20:36:10", "error": "Erro ao criar ordem: APIError(code=-2019): Margin is insufficient."}
{"timestamp": "2025-04-03 20:36:13", "error": "Erro ao criar ordem: APIError(code=-2019): Margin is insufficient."}
{"timestamp": "2025-04-03 20:36:16", "error": "Erro ao criar ordem: APIError(code=-2019): Margin is insufficient."}
{"timestamp": "2025-04-03 20:36:19", "error": "Erro ao criar ordem: APIError(code=-2019): Margin is insufficient."}
{"timestamp": "2025-04-03 20:36:22", "error": "Erro ao criar ordem: APIError(code=-2019): Margin is insufficient."}
{"timestamp": "2025-04-03 20:36:25", "error": "Erro ao criar ordem: APIError(code=-2019): Margin is insufficient."}
{"timestamp": "2025-04-03 20:36:28", "error": "Erro ao criar ordem: APIError(code=-2019): Margin is insufficient."}
{"timestamp": "2025-04-03 20:36:31", "error": "Erro ao criar ordem: APIError(code=-2019): Margin is insufficient."}
{"timestamp": "2025-04-03 20:36:33", "error": "Erro ao criar ordem: APIError(code=-2019): Margin is insufficient."}
{"timestamp": "2025-04-03 20:36:36", "error": "Erro ao criar ordem: APIError(code=-2019): Margin is insufficient."}
{"timestamp": "2025-04-03 20:36:39", "error": "Erro ao criar ordem: APIError(code=-2019): Margin is insufficient."}
{"timestamp": "2025-04-03 20:36:42", "error": "Erro ao criar ordem: APIError(code=-2019): Margin is insufficient."}
{"timestamp": "2025-04-03 20:36:44", "error": "Erro ao criar ordem: APIError(code=-2019): Margin is insufficient."}
{"timestamp": "2025-04-03 20:36:48", "error": "Erro ao criar ordem: APIError(code=-2019): Margin is insufficient."}
{"timestamp": "2025-04-03 20:36:51", "error": "Erro ao criar ordem: APIError(code=-2019): Margin is insufficient."}
{"timestamp": "2025-04-03 20:36:54", "error": "Erro ao criar ordem: APIError(code=-2019): Margin is insufficient."}
{"timestamp": "2025-04-03 20:36:56", "error": "Erro ao criar ordem: APIError(code=-2019): Margin is insufficient."}
{"timestamp": "2025-04-03 20:36:59", "error": "Erro ao criar ordem: APIError(code=-2019): Margin is insufficient."}
{"timestamp": "2025-04-03 20:37:02", "error": "Erro ao criar ordem: APIError(code=-2019): Margin is insufficient."}
{"timestamp": "2025-04-03 20:37:05", "error": "Erro ao criar ordem: APIError(code=-2019): Margin is insufficient."}
{"timestamp": "2025-04-03 20:37:08", "error": "Erro ao criar ordem: APIError(code=-2019): Margin is insufficient."}
{"timestamp": "2025-04-03 20:37:11", "error": "Erro ao criar ordem: APIError(code=-2019): Margin is insufficient."}
{"timestamp": "2025-04-03 20:37:13", "error": "Erro ao criar ordem: APIError(code=-2019): Margin is insufficient."}
{"timestamp": "2025-04-03 20:37:16", "error": "Erro ao criar ordem: APIError(code=-2019): Margin is insufficient."}
{"timestamp": "2025-04-03 20:37:19", "error": "Erro ao criar ordem: APIError(code=-2019): Margin is insufficient."}
{"timestamp": "2025-04-03 20:37:22", "error": "Erro ao criar ordem: APIError(code=-2019): Margin is insufficient."}
{"timestamp": "2025-04-03 20:37:25", "error": "Erro ao criar ordem: APIError(code=-2019): Margin is insufficient."}
{"timestamp": "2025-04-03 20:37:27", "error": "Erro ao criar ordem: APIError(code=-2019): Margin is insufficient."}
{"timestamp": "2025-04-03 20:37:30", "error": "Erro ao criar ordem: APIError(code=-2019): Margin is insufficient."}
{"timestamp": "2025-04-03 20:37:33", "error": "Erro ao criar ordem: APIError(code=-2019): Margin is insufficient."}
{"timestamp": "2025-04-03 20:37:36", "error": "Erro ao criar ordem: APIError(code=-2019): Margin is insufficient."}
{"timestamp": "2025-04-03 20:37:38", "error": "Erro ao criar ordem: APIError(code=-2019): Margin is insufficient."}
{"timestamp": "2025-04-03 20:37:41", "error": "Erro ao criar ordem: APIError(code=-2019): Margin is insufficient."}
{"timestamp": "2025-04-03 20:37:44", "error": "Erro ao criar ordem: APIError(code=-2019): Margin is insufficient."}
{"timestamp": "2025-04-03 20:37:48", "error": "Erro ao criar ordem: APIError(code=-2019): Margin is insufficient."}
{"timestamp": "2025-04-03 20:37:50", "error": "Erro ao criar ordem: APIError(code=-2019): Margin is insufficient."}
{"timestamp": "2025-04-03 20:37:53", "error": "Erro ao criar ordem: APIError(code=-2019): Margin is insufficient."}
{"timestamp": "2025-04-03 20:37:56", "error": "Erro ao criar ordem: APIError(code=-2019): Margin is insufficient."}
{"timestamp": "2025-04-03 20:37:59", "error": "Erro ao criar ordem: APIError(code=-2019): Margin is insufficient."}
{"timestamp": "2025-04-03 20:38:02", "error": "Erro ao criar ordem: APIError(code=-2019): Margin is insufficient."}
{"timestamp": "2025-04-03 20:38:05", "error": "Erro ao criar ordem: APIError(code=-2019): Margin is insufficient."}
{"timestamp": "2025-04-03 20:38:08", "error": "Erro ao criar ordem: APIError(code=-2019): Margin is insufficient."}
{"timestamp": "2025-04-03 20:38:11", "error": "Erro ao criar ordem: APIError(code=-2019): Margin is insufficient."}
{"timestamp": "2025-04-03 20:38:14", "error": "Erro ao criar ordem: APIError(code=-2019): Margin is insufficient."}
{"timestamp": "2025-04-03 20:38:17", "error": "Erro ao criar ordem: APIError(code=-2019): Margin is insufficient."}
{"timestamp": "2025-04-03 20:38:20", "error": "Erro ao criar ordem: APIError(code=-2019): Margin is insufficient."}
{"timestamp": "2025-04-03 20:38:23", "error": "Erro ao criar ordem: APIError(code=-2019): Margin is insufficient."}
{"timestamp": "2025-04-03 20:38:26", "error": "Erro ao criar ordem: APIError(code=-2019): Margin is insufficient."}
{"timestamp": "2025-04-03 20:38:29", "error": "Erro ao criar ordem: APIError(code=-2019): Margin is insufficient."}
{"timestamp": "2025-04-03 20:38:32", "error": "Erro ao criar ordem: APIError(code=-2019): Margin is insufficient."}
{"timestamp": "2025-04-03 20:38:35", "error": "Erro ao criar ordem: APIError(code=-2019): Margin is insufficient."}
{"timestamp": "2025-04-03 20:38:38", "error": "Erro ao criar ordem: APIError(code=-2019): Margin is insufficient."}
{"timestamp": "2025-04-03 20:38:42", "error": "Erro ao criar ordem: APIError(code=-2019): Margin is insufficient."}
{"timestamp": "2025-04-03 20:38:44", "error": "Erro ao criar ordem: APIError(code=-2019): Margin is insufficient."}
{"timestamp": "2025-04-03 20:38:48", "error": "Erro ao criar ordem: APIError(code=-2019): Margin is insufficient."}
{"timestamp": "2025-04-03 20:38:51", "error": "Erro ao criar ordem: APIError(code=-2019): Margin is insufficient."}
{"timestamp": "2025-04-03 20:38:53", "error": "Erro ao criar ordem: APIError(code=-2019): Margin is insufficient."}
{"timestamp": "2025-04-03 20:38:56", "error": "Erro ao criar ordem: APIError(code=-2019): Margin is insufficient."}
{"timestamp": "2025-04-03 20:38:59", "error": "Erro ao criar ordem: APIError(code=-2019): Margin is insufficient."}
{"timestamp": "2025-04-03 20:39:02", "error": "Erro ao criar ordem: APIError(code=-2019): Margin is insufficient."}
{"timestamp": "2025-04-03 23:08:01", "error": "Erro ao carregar classificador de regimes: 'Logger' object has no attribute 'log_warning'"}
{"timestamp": "2025-04-03 23:08:01", "error": "Erro ao carregar filtro de sinais: 'Logger' object has no attribute 'log_warning'"}
{"timestamp": "2025-04-03 23:08:02", "error": "Erro ao atualizar dados hist\u00f3ricos: 'BinanceService' object has no attribute 'get_klines_raw'"}
{"timestamp": "2025-04-03 23:08:04", "error": "Erro ao atualizar dados hist\u00f3ricos: 'BinanceService' object has no attribute 'get_klines_raw'"}
{"timestamp": "2025-04-03 23:08:06", "error": "Erro ao atualizar dados hist\u00f3ricos: 'BinanceService' object has no attribute 'get_klines_raw'"}
{"timestamp": "2025-04-03 23:08:10", "error": "Erro ao atualizar dados hist\u00f3ricos: 'BinanceService' object has no attribute 'get_klines_raw'"}
{"timestamp": "2025-04-03 23:08:13", "error": "Erro ao atualizar dados hist\u00f3ricos: 'BinanceService' object has no attribute 'get_klines_raw'"}
{"timestamp": "2025-04-03 23:08:15", "error": "Erro ao atualizar dados hist\u00f3ricos: 'BinanceService' object has no attribute 'get_klines_raw'"}
{"timestamp": "2025-04-03 23:08:17", "error": "Erro ao atualizar dados hist\u00f3ricos: 'BinanceService' object has no attribute 'get_klines_raw'"}
{"timestamp": "2025-04-03 23:08:19", "error": "Erro ao atualizar dados hist\u00f3ricos: 'BinanceService' object has no attribute 'get_klines_raw'"}
{"timestamp": "2025-04-03 23:08:21", "error": "Erro ao atualizar dados hist\u00f3ricos: 'BinanceService' object has no attribute 'get_klines_raw'"}
{"timestamp": "2025-04-03 23:08:23", "error": "Erro ao atualizar dados hist\u00f3ricos: 'BinanceService' object has no attribute 'get_klines_raw'"}
{"timestamp": "2025-04-03 23:08:25", "error": "Erro ao atualizar dados hist\u00f3ricos: 'BinanceService' object has no attribute 'get_klines_raw'"}
{"timestamp": "2025-04-03 23:08:27", "error": "Erro ao atualizar dados hist\u00f3ricos: 'BinanceService' object has no attribute 'get_klines_raw'"}
{"timestamp": "2025-04-03 23:08:29", "error": "Erro ao atualizar dados hist\u00f3ricos: 'BinanceService' object has no attribute 'get_klines_raw'"}
{"timestamp": "2025-04-03 23:08:31", "error": "Erro ao atualizar dados hist\u00f3ricos: 'BinanceService' object has no attribute 'get_klines_raw'"}
{"timestamp": "2025-04-03 23:20:45", "error": "Erro ao carregar classificador de regimes: 'Logger' object has no attribute 'log_warning'"}
{"timestamp": "2025-04-03 23:20:45", "error": "Erro ao carregar filtro de sinais: 'Logger' object has no attribute 'log_warning'"}
{"timestamp": "2025-04-03 23:20:46", "error": "Erro ao atualizar dados hist\u00f3ricos: 'BinanceService' object has no attribute 'get_klines_raw'"}
{"timestamp": "2025-04-03 23:20:48", "error": "Erro ao atualizar dados hist\u00f3ricos: 'BinanceService' object has no attribute 'get_klines_raw'"}
{"timestamp": "2025-04-03 23:22:01", "error": "Erro ao carregar classificador de regimes: 'Logger' object has no attribute 'log_warning'"}
{"timestamp": "2025-04-03 23:22:01", "error": "Erro ao carregar filtro de sinais: 'Logger' object has no attribute 'log_warning'"}
{"timestamp": "2025-04-03 23:22:02", "error": "Erro ao atualizar dados hist\u00f3ricos: 'ADXStrategy' object has no attribute 'calculate_indicators_df'"}
{"timestamp": "2025-04-03 23:22:04", "error": "Erro ao atualizar dados hist\u00f3ricos: 'ADXStrategy' object has no attribute 'calculate_indicators_df'"}
{"timestamp": "2025-04-03 23:22:08", "error": "Erro ao atualizar dados hist\u00f3ricos: 'ADXStrategy' object has no attribute 'calculate_indicators_df'"}
{"timestamp": "2025-04-03 23:22:10", "error": "Erro ao atualizar dados hist\u00f3ricos: 'ADXStrategy' object has no attribute 'calculate_indicators_df'"}
{"timestamp": "2025-04-03 23:22:13", "error": "Erro ao atualizar dados hist\u00f3ricos: 'ADXStrategy' object has no attribute 'calculate_indicators_df'"}
{"timestamp": "2025-04-03 23:22:44", "error": "Erro ao atualizar dados hist\u00f3ricos: 'ADXStrategy' object has no attribute 'calculate_indicators_df'"}
{"timestamp": "2025-04-03 23:22:47", "error": "Erro ao atualizar dados hist\u00f3ricos: 'ADXStrategy' object has no attribute 'calculate_indicators_df'"}
{"timestamp": "2025-04-03 23:44:30", "error": "Erro no processamento de dados de mercado: 'Client' object has no attribute 'futures_book_ticker'"}
{"timestamp": "2025-04-03 23:44:32", "error": "Erro no processamento de dados de mercado: 'Client' object has no attribute 'futures_book_ticker'"}
{"timestamp": "2025-04-03 23:44:34", "error": "Erro no processamento de dados de mercado: 'Client' object has no attribute 'futures_book_ticker'"}
{"timestamp": "2025-04-03 23:44:36", "error": "Erro no processamento de dados de mercado: 'Client' object has no attribute 'futures_book_ticker'"}
{"timestamp": "2025-04-03 23:45:08", "error": "Erro no processamento de dados de mercado: 'BinanceService' object has no attribute 'get_volume_24h'"}
{"timestamp": "2025-04-03 23:45:11", "error": "Erro no processamento de dados de mercado: 'BinanceService' object has no attribute 'get_volume_24h'"}
{"timestamp": "2025-04-03 23:45:13", "error": "Erro no processamento de dados de mercado: 'BinanceService' object has no attribute 'get_volume_24h'"}
{"timestamp": "2025-04-03 23:45:14", "error": "Erro no processamento de dados de mercado: 'BinanceService' object has no attribute 'get_volume_24h'"}
{"timestamp": "2025-04-03 23:45:16", "error": "Erro no processamento de dados de mercado: 'BinanceService' object has no attribute 'get_volume_24h'"}
{"timestamp": "2025-04-03 23:45:18", "error": "Erro no processamento de dados de mercado: 'BinanceService' object has no attribute 'get_volume_24h'"}
{"timestamp": "2025-04-03 23:45:20", "error": "Erro no processamento de dados de mercado: 'BinanceService' object has no attribute 'get_volume_24h'"}
{"timestamp": "2025-04-03 23:45:22", "error": "Erro no processamento de dados de mercado: 'BinanceService' object has no attribute 'get_volume_24h'"}
{"timestamp": "2025-04-03 23:45:25", "error": "Erro no processamento de dados de mercado: 'BinanceService' object has no attribute 'get_volume_24h'"}
{"timestamp": "2025-04-03 23:50:59", "error": "Erro ao obter dados hist\u00f3ricos: APIError(code=-5000): Path /fapi/v1/v3/klines, Method GET is invalid"}
{"timestamp": "2025-04-04 06:52:28", "error": "Erro ao obter dados hist\u00f3ricos: APIError(code=-5000): Path /fapi/v1/v3/klines, Method GET is invalid"}
